<?xml version="1.0" encoding="UTF-8"?>
<testng-results skipped="0" failed="1" ignored="0" total="2" passed="1">
  <reporter-output>
  </reporter-output>
  <suite name="Default Suite" duration-ms="25309" started-at="2018-08-08T14:05:41Z" finished-at="2018-08-08T14:06:06Z">
    <groups>
    </groups>
    <test name="SmileProject" duration-ms="25309" started-at="2018-08-08T14:05:41Z" finished-at="2018-08-08T14:06:06Z">
      <class name="initialTestSuite.FirstTestSet">
        <test-method status="PASS" signature="beforeClass()[pri:0, instance:initialTestSuite.FirstTestSet@e580929]" name="beforeClass" is-config="true" duration-ms="3582" started-at="2018-08-08T14:05:41Z" finished-at="2018-08-08T14:05:45Z">
          <reporter-output>
          </reporter-output>
        </test-method> <!-- beforeClass -->
        <test-method status="FAIL" signature="a_loginViaFb()[pri:0, instance:initialTestSuite.FirstTestSet@e580929]" name="a_loginViaFb" duration-ms="13192" started-at="2018-08-08T14:05:45Z" finished-at="2018-08-08T14:05:58Z">
          <exception class="java.lang.AssertionError">
            <message>
              <![CDATA[expected [Smilebox Dashboard] but found [Smilebox DashboardQQQ]]]>
            </message>
            <full-stacktrace>
              <![CDATA[java.lang.AssertionError: expected [Smilebox Dashboard] but found [Smilebox DashboardQQQ]
at org.testng.Assert.fail(Assert.java:96)
at org.testng.Assert.failNotEquals(Assert.java:776)
at org.testng.Assert.assertEqualsImpl(Assert.java:137)
at org.testng.Assert.assertEquals(Assert.java:118)
at org.testng.Assert.assertEquals(Assert.java:453)
at org.testng.Assert.assertEquals(Assert.java:463)
at initialTestSuite.FirstTestSet.a_loginViaFb(FirstTestSet.java:51)
at sun.reflect.NativeMethodAccessorImpl.invoke0(Native Method)
at sun.reflect.NativeMethodAccessorImpl.invoke(NativeMethodAccessorImpl.java:62)
at sun.reflect.DelegatingMethodAccessorImpl.invoke(DelegatingMethodAccessorImpl.java:43)
at java.lang.reflect.Method.invoke(Method.java:498)
at org.testng.internal.MethodInvocationHelper.invokeMethod(MethodInvocationHelper.java:124)
at org.testng.internal.Invoker.invokeMethod(Invoker.java:583)
at org.testng.internal.Invoker.invokeTestMethod(Invoker.java:719)
at org.testng.internal.Invoker.invokeTestMethods(Invoker.java:989)
at org.testng.internal.TestMethodWorker.invokeTestMethods(TestMethodWorker.java:125)
at org.testng.internal.TestMethodWorker.run(TestMethodWorker.java:109)
at org.testng.TestRunner.privateRun(TestRunner.java:648)
at org.testng.TestRunner.run(TestRunner.java:505)
at org.testng.SuiteRunner.runTest(SuiteRunner.java:455)
at org.testng.SuiteRunner.runSequentially(SuiteRunner.java:450)
at org.testng.SuiteRunner.privateRun(SuiteRunner.java:415)
at org.testng.SuiteRunner.run(SuiteRunner.java:364)
at org.testng.SuiteRunnerWorker.runSuite(SuiteRunnerWorker.java:52)
at org.testng.SuiteRunnerWorker.run(SuiteRunnerWorker.java:84)
at org.testng.TestNG.runSuitesSequentially(TestNG.java:1208)
at org.testng.TestNG.runSuitesLocally(TestNG.java:1137)
at org.testng.TestNG.runSuites(TestNG.java:1049)
at org.testng.TestNG.run(TestNG.java:1017)
at org.testng.IDEARemoteTestNG.run(IDEARemoteTestNG.java:72)
at org.testng.RemoteTestNGStarter.main(RemoteTestNGStarter.java:123)
]]>
            </full-stacktrace>
          </exception> <!-- java.lang.AssertionError -->
          <reporter-output>
          </reporter-output>
        </test-method> <!-- a_loginViaFb -->
        <test-method status="PASS" signature="checkTemplatesChristmas()[pri:0, instance:initialTestSuite.FirstTestSet@e580929]" name="checkTemplatesChristmas" duration-ms="6085" started-at="2018-08-08T14:05:58Z" finished-at="2018-08-08T14:06:04Z">
          <reporter-output>
          </reporter-output>
        </test-method> <!-- checkTemplatesChristmas -->
        <test-method status="PASS" signature="afterClass()[pri:0, instance:initialTestSuite.FirstTestSet@e580929]" name="afterClass" is-config="true" duration-ms="2386" started-at="2018-08-08T14:06:04Z" finished-at="2018-08-08T14:06:06Z">
          <reporter-output>
          </reporter-output>
        </test-method> <!-- afterClass -->
      </class> <!-- initialTestSuite.FirstTestSet -->
    </test> <!-- SmileProject -->
  </suite> <!-- Default Suite -->
</testng-results>
